This file contains any messages produced by compilers while
running configure, to aid debugging if configure makes a mistake.

It was created by LibHTP configure 0.5.42, which was
generated by GNU Autoconf 2.69.  Invocation command line was

  $ /home/cuidong/Desktop/project/suricata-6.0.10/libhtp/configure --disable-option-checking --prefix=/usr/local --cache-file=/dev/null --srcdir=/home/cuidong/Desktop/project/suricata-6.0.10/libhtp

## --------- ##
## Platform. ##
## --------- ##

hostname = ubuntu
uname -m = x86_64
uname -r = 5.15.0-67-generic
uname -s = Linux
uname -v = #74~20.04.1-Ubuntu SMP Wed Feb 22 14:52:34 UTC 2023

/usr/bin/uname -p = x86_64
/bin/uname -X     = unknown

/bin/arch              = x86_64
/usr/bin/arch -k       = unknown
/usr/convex/getsysinfo = unknown
/usr/bin/hostinfo      = unknown
/bin/machine           = unknown
/usr/bin/oslevel       = unknown
/bin/universe          = unknown

PATH: /usr/local/sbin
PATH: /usr/local/bin
PATH: /usr/sbin
PATH: /usr/bin
PATH: /sbin
PATH: /bin
PATH: /usr/games
PATH: /usr/local/games
PATH: /snap/bin
PATH: /snap/clion/229/bin/ninja/linux/x64


## ----------- ##
## Core tests. ##
## ----------- ##

configure:2419: checking for a BSD-compatible install
configure:2487: result: /usr/bin/install -c
configure:2498: checking whether build environment is sane
configure:2553: result: yes
configure:2702: checking for a thread-safe mkdir -p
configure:2741: result: /usr/bin/mkdir -p
configure:2748: checking for gawk
configure:2778: result: no
configure:2748: checking for mawk
configure:2764: found /usr/bin/mawk
configure:2775: result: mawk
configure:2786: checking whether make sets $(MAKE)
configure:2808: result: yes
configure:2837: checking whether make supports nested variables
configure:2854: result: yes
configure:3114: checking for gcc
configure:3130: found /usr/bin/gcc
configure:3141: result: gcc
configure:3370: checking for C compiler version
configure:3379: gcc --version >&5
gcc (Ubuntu 9.4.0-1ubuntu1~20.04.1) 9.4.0
Copyright (C) 2019 Free Software Foundation, Inc.
This is free software; see the source for copying conditions.  There is NO
warranty; not even for MERCHANTABILITY or FITNESS FOR A PARTICULAR PURPOSE.

configure:3390: $? = 0
configure:3379: gcc -v >&5
Using built-in specs.
COLLECT_GCC=gcc
COLLECT_LTO_WRAPPER=/usr/lib/gcc/x86_64-linux-gnu/9/lto-wrapper
OFFLOAD_TARGET_NAMES=nvptx-none:hsa
OFFLOAD_TARGET_DEFAULT=1
Target: x86_64-linux-gnu
Configured with: ../src/configure -v --with-pkgversion='Ubuntu 9.4.0-1ubuntu1~20.04.1' --with-bugurl=file:///usr/share/doc/gcc-9/README.Bugs --enable-languages=c,ada,c++,go,brig,d,fortran,objc,obj-c++,gm2 --prefix=/usr --with-gcc-major-version-only --program-suffix=-9 --program-prefix=x86_64-linux-gnu- --enable-shared --enable-linker-build-id --libexecdir=/usr/lib --without-included-gettext --enable-threads=posix --libdir=/usr/lib --enable-nls --enable-clocale=gnu --enable-libstdcxx-debug --enable-libstdcxx-time=yes --with-default-libstdcxx-abi=new --enable-gnu-unique-object --disable-vtable-verify --enable-plugin --enable-default-pie --with-system-zlib --with-target-system-zlib=auto --enable-objc-gc=auto --enable-multiarch --disable-werror --with-arch-32=i686 --with-abi=m64 --with-multilib-list=m32,m64,mx32 --enable-multilib --with-tune=generic --enable-offload-targets=nvptx-none=/build/gcc-9-Av3uEd/gcc-9-9.4.0/debian/tmp-nvptx/usr,hsa --without-cuda-driver --enable-checking=release --build=x86_64-linux-gnu --host=x86_64-linux-gnu --target=x86_64-linux-gnu
Thread model: posix
gcc version 9.4.0 (Ubuntu 9.4.0-1ubuntu1~20.04.1) 
configure:3390: $? = 0
configure:3379: gcc -V >&5
gcc: error: unrecognized command line option '-V'
gcc: fatal error: no input files
compilation terminated.
configure:3390: $? = 1
configure:3379: gcc -qversion >&5
gcc: error: unrecognized command line option '-qversion'; did you mean '--version'?
gcc: fatal error: no input files
compilation terminated.
configure:3390: $? = 1
configure:3410: checking whether the C compiler works
configure:3432: gcc  -O2  -O2  conftest.c  >&5
configure:3436: $? = 0
configure:3484: result: yes
configure:3487: checking for C compiler default output file name
configure:3489: result: a.out
configure:3495: checking for suffix of executables
configure:3502: gcc -o conftest  -O2  -O2  conftest.c  >&5
configure:3506: $? = 0
configure:3528: result: 
configure:3550: checking whether we are cross compiling
configure:3558: gcc -o conftest  -O2  -O2  conftest.c  >&5
configure:3562: $? = 0
configure:3569: ./conftest
configure:3573: $? = 0
configure:3561: result: no
configure:3566: checking for suffix of object files
configure:3588: gcc -c  -O2  -O2 conftest.c >&5
configure:3592: $? = 0
configure:3613: result: o
configure:3617: checking whether we are using the GNU C compiler
configure:3636: gcc -c  -O2  -O2 conftest.c >&5
configure:3636: $? = 0
configure:3645: result: yes
configure:3654: checking whether gcc accepts -g
configure:3674: gcc -c -g  -O2 conftest.c >&5
configure:3674: $? = 0
configure:3715: result: yes
configure:3732: checking for gcc option to accept ISO C89
configure:3795: gcc  -c  -O2  -O2 conftest.c >&5
configure:3795: $? = 0
configure:3808: result: none needed
configure:3833: checking whether gcc understands -c and -o together
configure:3855: gcc -c conftest.c -o conftest2.o
configure:3858: $? = 0
configure:3855: gcc -c conftest.c -o conftest2.o
configure:3858: $? = 0
configure:3870: result: yes
configure:3890: checking whether make supports the include directive
configure:3905: make -f confmf.GNU && cat confinc.out
this is the am__doit target
configure:3908: $? = 0
configure:3927: result: yes (GNU style)
configure:3952: checking dependency style of gcc
configure:4063: result: gcc3
configure:4137: checking for g++
configure:4153: found /usr/bin/g++
configure:4164: result: g++
configure:4191: checking for C++ compiler version
configure:4200: g++ --version >&5
g++ (Ubuntu 9.4.0-1ubuntu1~20.04.1) 9.4.0
Copyright (C) 2019 Free Software Foundation, Inc.
This is free software; see the source for copying conditions.  There is NO
warranty; not even for MERCHANTABILITY or FITNESS FOR A PARTICULAR PURPOSE.

configure:4211: $? = 0
configure:4200: g++ -v >&5
Using built-in specs.
COLLECT_GCC=g++
COLLECT_LTO_WRAPPER=/usr/lib/gcc/x86_64-linux-gnu/9/lto-wrapper
OFFLOAD_TARGET_NAMES=nvptx-none:hsa
OFFLOAD_TARGET_DEFAULT=1
Target: x86_64-linux-gnu
Configured with: ../src/configure -v --with-pkgversion='Ubuntu 9.4.0-1ubuntu1~20.04.1' --with-bugurl=file:///usr/share/doc/gcc-9/README.Bugs --enable-languages=c,ada,c++,go,brig,d,fortran,objc,obj-c++,gm2 --prefix=/usr --with-gcc-major-version-only --program-suffix=-9 --program-prefix=x86_64-linux-gnu- --enable-shared --enable-linker-build-id --libexecdir=/usr/lib --without-included-gettext --enable-threads=posix --libdir=/usr/lib --enable-nls --enable-clocale=gnu --enable-libstdcxx-debug --enable-libstdcxx-time=yes --with-default-libstdcxx-abi=new --enable-gnu-unique-object --disable-vtable-verify --enable-plugin --enable-default-pie --with-system-zlib --with-target-system-zlib=auto --enable-objc-gc=auto --enable-multiarch --disable-werror --with-arch-32=i686 --with-abi=m64 --with-multilib-list=m32,m64,mx32 --enable-multilib --with-tune=generic --enable-offload-targets=nvptx-none=/build/gcc-9-Av3uEd/gcc-9-9.4.0/debian/tmp-nvptx/usr,hsa --without-cuda-driver --enable-checking=release --build=x86_64-linux-gnu --host=x86_64-linux-gnu --target=x86_64-linux-gnu
Thread model: posix
gcc version 9.4.0 (Ubuntu 9.4.0-1ubuntu1~20.04.1) 
configure:4211: $? = 0
configure:4200: g++ -V >&5
g++: error: unrecognized command line option '-V'
g++: fatal error: no input files
compilation terminated.
configure:4211: $? = 1
configure:4200: g++ -qversion >&5
g++: error: unrecognized command line option '-qversion'; did you mean '--version'?
g++: fatal error: no input files
compilation terminated.
configure:4211: $? = 1
configure:4215: checking whether we are using the GNU C++ compiler
configure:4234: g++ -c   -O2 conftest.cpp >&5
configure:4234: $? = 0
configure:4243: result: yes
configure:4252: checking whether g++ accepts -g
configure:4272: g++ -c -g  -O2 conftest.cpp >&5
configure:4272: $? = 0
configure:4313: result: yes
configure:4338: checking dependency style of g++
configure:4449: result: gcc3
configure:4493: checking build system type
configure:4507: result: x86_64-pc-linux-gnu
configure:4527: checking host system type
configure:4540: result: x86_64-pc-linux-gnu
configure:4581: checking how to print strings
configure:4608: result: printf
configure:4629: checking for a sed that does not truncate output
configure:4693: result: /usr/bin/sed
configure:4711: checking for grep that handles long lines and -e
configure:4769: result: /usr/bin/grep
configure:4774: checking for egrep
configure:4836: result: /usr/bin/grep -E
configure:4841: checking for fgrep
configure:4903: result: /usr/bin/grep -F
configure:4938: checking for ld used by gcc
configure:5005: result: /usr/bin/ld
configure:5012: checking if the linker (/usr/bin/ld) is GNU ld
configure:5027: result: yes
configure:5039: checking for BSD- or MS-compatible name lister (nm)
configure:5093: result: /usr/bin/nm -B
configure:5223: checking the name lister (/usr/bin/nm -B) interface
configure:5230: gcc -c  -O2  -O2 conftest.c >&5
configure:5233: /usr/bin/nm -B "conftest.o"
configure:5236: output
0000000000000000 B some_variable
configure:5237: result: BSD nm
configure:5240: checking whether ln -s works
configure:5244: result: yes
configure:5252: checking the maximum length of command line arguments
configure:5383: result: 1572864
configure:5431: checking how to convert x86_64-pc-linux-gnu file names to x86_64-pc-linux-gnu format
configure:5471: result: func_convert_file_noop
configure:5478: checking how to convert x86_64-pc-linux-gnu file names to toolchain format
configure:5498: result: func_convert_file_noop
configure:5505: checking for /usr/bin/ld option to reload object files
configure:5512: result: -r
configure:5586: checking for objdump
configure:5602: found /usr/bin/objdump
configure:5613: result: objdump
configure:5645: checking how to recognize dependent libraries
configure:5845: result: pass_all
configure:5930: checking for dlltool
configure:5960: result: no
configure:5990: checking how to associate runtime and link libraries
configure:6017: result: printf %s\n
configure:6078: checking for ar
configure:6094: found /usr/bin/ar
configure:6105: result: ar
configure:6142: checking for archiver @FILE support
configure:6159: gcc -c  -O2  -O2 conftest.c >&5
configure:6159: $? = 0
configure:6162: ar cr libconftest.a @conftest.lst >&5
configure:6165: $? = 0
configure:6170: ar cr libconftest.a @conftest.lst >&5
ar: conftest.o: No such file or directory
configure:6173: $? = 1
configure:6172: result: @
configure:6230: checking for strip
configure:6246: found /usr/bin/strip
configure:6257: result: strip
configure:6329: checking for ranlib
configure:6345: found /usr/bin/ranlib
configure:6356: result: ranlib
configure:6458: checking command to parse /usr/bin/nm -B output from gcc object
configure:6611: gcc -c  -O2  -O2 conftest.c >&5
configure:6614: $? = 0
configure:6618: /usr/bin/nm -B conftest.o | sed -n -e 's/^.*[	 ]\([ABCDGIRSTW][ABCDGIRSTW]*\)[	 ][	 ]*\([_A-Za-z][_A-Za-z0-9]*\)$/\1 \2 \2/p' | sed '/ __gnu_lto/d' > conftest.nm
configure:6684: gcc -o conftest  -O2  -O2  conftest.c conftstm.o >&5
configure:6687: $? = 0
configure:6725: result: ok
configure:6772: checking for sysroot
configure:6802: result: no
configure:6809: checking for a working dd
configure:6847: result: /usr/bin/dd
configure:6851: checking how to truncate binary pipes
configure:6866: result: /usr/bin/dd bs=4096 count=1
configure:7002: gcc -c  -O2  -O2 conftest.c >&5
configure:7005: $? = 0
configure:7195: checking for mt
configure:7211: found /usr/bin/mt
configure:7222: result: mt
configure:7245: checking if mt is a manifest tool
configure:7251: mt '-?'
configure:7259: result: no
configure:7936: checking how to run the C preprocessor
configure:7967: gcc -E  -O2 conftest.c
configure:7967: $? = 0
configure:7981: gcc -E  -O2 conftest.c
conftest.c:11:10: fatal error: ac_nonexistent.h: No such file or directory
   11 | #include <ac_nonexistent.h>
      |          ^~~~~~~~~~~~~~~~~~
compilation terminated.
configure:7981: $? = 1
configure: failed program was:
| /* confdefs.h */
| #define PACKAGE_NAME "LibHTP"
| #define PACKAGE_TARNAME "libhtp"
| #define PACKAGE_VERSION "0.5.42"
| #define PACKAGE_STRING "LibHTP 0.5.42"
| #define PACKAGE_BUGREPORT ""
| #define PACKAGE_URL ""
| #define PACKAGE "libhtp"
| #define VERSION "0.5.42"
| /* end confdefs.h.  */
| #include <ac_nonexistent.h>
configure:8006: result: gcc -E
configure:8026: gcc -E  -O2 conftest.c
configure:8026: $? = 0
configure:8040: gcc -E  -O2 conftest.c
conftest.c:11:10: fatal error: ac_nonexistent.h: No such file or directory
   11 | #include <ac_nonexistent.h>
      |          ^~~~~~~~~~~~~~~~~~
compilation terminated.
configure:8040: $? = 1
configure: failed program was:
| /* confdefs.h */
| #define PACKAGE_NAME "LibHTP"
| #define PACKAGE_TARNAME "libhtp"
| #define PACKAGE_VERSION "0.5.42"
| #define PACKAGE_STRING "LibHTP 0.5.42"
| #define PACKAGE_BUGREPORT ""
| #define PACKAGE_URL ""
| #define PACKAGE "libhtp"
| #define VERSION "0.5.42"
| /* end confdefs.h.  */
| #include <ac_nonexistent.h>
configure:8069: checking for ANSI C header files
configure:8089: gcc -c  -O2  -O2 conftest.c >&5
configure:8089: $? = 0
configure:8162: gcc -o conftest  -O2  -O2  conftest.c  >&5
configure:8162: $? = 0
configure:8162: ./conftest
configure:8162: $? = 0
configure:8173: result: yes
configure:8186: checking for sys/types.h
configure:8186: gcc -c  -O2  -O2 conftest.c >&5
configure:8186: $? = 0
configure:8186: result: yes
configure:8186: checking for sys/stat.h
configure:8186: gcc -c  -O2  -O2 conftest.c >&5
configure:8186: $? = 0
configure:8186: result: yes
configure:8186: checking for stdlib.h
configure:8186: gcc -c  -O2  -O2 conftest.c >&5
configure:8186: $? = 0
configure:8186: result: yes
configure:8186: checking for string.h
configure:8186: gcc -c  -O2  -O2 conftest.c >&5
configure:8186: $? = 0
configure:8186: result: yes
configure:8186: checking for memory.h
configure:8186: gcc -c  -O2  -O2 conftest.c >&5
configure:8186: $? = 0
configure:8186: result: yes
configure:8186: checking for strings.h
configure:8186: gcc -c  -O2  -O2 conftest.c >&5
configure:8186: $? = 0
configure:8186: result: yes
configure:8186: checking for inttypes.h
configure:8186: gcc -c  -O2  -O2 conftest.c >&5
configure:8186: $? = 0
configure:8186: result: yes
configure:8186: checking for stdint.h
configure:8186: gcc -c  -O2  -O2 conftest.c >&5
configure:8186: $? = 0
configure:8186: result: yes
configure:8186: checking for unistd.h
configure:8186: gcc -c  -O2  -O2 conftest.c >&5
configure:8186: $? = 0
configure:8186: result: yes
configure:8200: checking for dlfcn.h
configure:8200: gcc -c  -O2  -O2 conftest.c >&5
configure:8200: $? = 0
configure:8200: result: yes
configure:8467: checking for objdir
configure:8482: result: .libs
configure:8746: checking if gcc supports -fno-rtti -fno-exceptions
configure:8764: gcc -c  -O2  -O2 -fno-rtti -fno-exceptions conftest.c >&5
cc1: warning: command line option '-fno-rtti' is valid for C++/D/ObjC++ but not for C
configure:8768: $? = 0
configure:8781: result: no
configure:9145: checking for gcc option to produce PIC
configure:9152: result: -fPIC -DPIC
configure:9160: checking if gcc PIC flag -fPIC -DPIC works
configure:9178: gcc -c  -O2  -O2 -fPIC -DPIC -DPIC conftest.c >&5
configure:9182: $? = 0
configure:9195: result: yes
configure:9224: checking if gcc static flag -static works
configure:9252: result: yes
configure:9267: checking if gcc supports -c -o file.o
configure:9288: gcc -c  -O2  -O2 -o out/conftest2.o conftest.c >&5
configure:9292: $? = 0
configure:9314: result: yes
configure:9322: checking if gcc supports -c -o file.o
configure:9369: result: yes
configure:9402: checking whether the gcc linker (/usr/bin/ld -m elf_x86_64) supports shared libraries
configure:10665: result: yes
configure:10702: checking whether -lc should be explicitly linked in
configure:10710: gcc -c  -O2  -O2 conftest.c >&5
configure:10713: $? = 0
configure:10728: gcc -shared  -fPIC -DPIC conftest.o  -v -Wl,-soname -Wl,conftest -o conftest 2\>\&1 \| /usr/bin/grep  -lc  \>/dev/null 2\>\&1
configure:10731: $? = 0
configure:10745: result: no
configure:10905: checking dynamic linker characteristics
configure:11486: gcc -o conftest  -O2  -O2  -Wl,-rpath -Wl,/foo conftest.c  >&5
configure:11486: $? = 0
configure:11735: result: GNU/Linux ld.so
configure:11857: checking how to hardcode library paths into programs
configure:11882: result: immediate
configure:12430: checking whether stripping libraries is possible
configure:12435: result: yes
configure:12470: checking if libtool supports shared libraries
configure:12472: result: yes
configure:12475: checking whether to build shared libraries
configure:12500: result: yes
configure:12503: checking whether to build static libraries
configure:12507: result: yes
configure:9306: checking how to run the C++ preprocessor
configure:9333: g++ -E  -O2 conftest.cpp
configure:9333: $? = 0
configure:9347: g++ -E  -O2 conftest.cpp
conftest.cpp:23:10: fatal error: ac_nonexistent.h: No such file or directory
   23 | #include <ac_nonexistent.h>
      |          ^~~~~~~~~~~~~~~~~~
compilation terminated.
configure:9347: $? = 1
configure: failed program was:
| /* confdefs.h */
| #define PACKAGE_NAME "LibHTP"
| #define PACKAGE_TARNAME "libhtp"
| #define PACKAGE_VERSION "0.5.42"
| #define PACKAGE_STRING "LibHTP 0.5.42"
| #define PACKAGE_BUGREPORT ""
| #define PACKAGE_URL ""
| #define PACKAGE "libhtp"
| #define VERSION "0.5.42"
| #define STDC_HEADERS 1
| #define HAVE_SYS_TYPES_H 1
| #define HAVE_SYS_STAT_H 1
| #define HAVE_STDLIB_H 1
| #define HAVE_STRING_H 1
| #define HAVE_MEMORY_H 1
| #define HAVE_STRINGS_H 1
| #define HAVE_INTTYPES_H 1
| #define HAVE_STDINT_H 1
| #define HAVE_UNISTD_H 1
| #define HAVE_DLFCN_H 1
| #define LT_OBJDIR ".libs/"
| /* end confdefs.h.  */
| #include <ac_nonexistent.h>
configure:9372: result: g++ -E
configure:9392: g++ -E  -O2 conftest.cpp
configure:9392: $? = 0
configure:9406: g++ -E  -O2 conftest.cpp
conftest.cpp:23:10: fatal error: ac_nonexistent.h: No such file or directory
   23 | #include <ac_nonexistent.h>
      |          ^~~~~~~~~~~~~~~~~~
compilation terminated.
configure:9406: $? = 1
configure: failed program was:
| /* confdefs.h */
| #define PACKAGE_NAME "LibHTP"
| #define PACKAGE_TARNAME "libhtp"
| #define PACKAGE_VERSION "0.5.42"
| #define PACKAGE_STRING "LibHTP 0.5.42"
| #define PACKAGE_BUGREPORT ""
| #define PACKAGE_URL ""
| #define PACKAGE "libhtp"
| #define VERSION "0.5.42"
| #define STDC_HEADERS 1
| #define HAVE_SYS_TYPES_H 1
| #define HAVE_SYS_STAT_H 1
| #define HAVE_STDLIB_H 1
| #define HAVE_STRING_H 1
| #define HAVE_MEMORY_H 1
| #define HAVE_STRINGS_H 1
| #define HAVE_INTTYPES_H 1
| #define HAVE_STDINT_H 1
| #define HAVE_UNISTD_H 1
| #define HAVE_DLFCN_H 1
| #define LT_OBJDIR ".libs/"
| /* end confdefs.h.  */
| #include <ac_nonexistent.h>
configure:9568: checking for ld used by g++
configure:9635: result: /usr/bin/ld -m elf_x86_64
configure:9642: checking if the linker (/usr/bin/ld -m elf_x86_64) is GNU ld
configure:9657: result: yes
configure:9712: checking whether the g++ linker (/usr/bin/ld -m elf_x86_64) supports shared libraries
configure:10785: result: yes
configure:10821: g++ -c -g -O2  -O2 conftest.cpp >&5
configure:10824: $? = 0
configure:11305: checking for g++ option to produce PIC
configure:11312: result: -fPIC -DPIC
configure:11320: checking if g++ PIC flag -fPIC -DPIC works
configure:11338: g++ -c -g -O2  -O2 -fPIC -DPIC -DPIC conftest.cpp >&5
configure:11342: $? = 0
configure:11355: result: yes
configure:11378: checking if g++ static flag -static works
configure:11406: result: yes
configure:11418: checking if g++ supports -c -o file.o
configure:11439: g++ -c -g -O2  -O2 -o out/conftest2.o conftest.cpp >&5
configure:11443: $? = 0
configure:11465: result: yes
configure:11470: checking if g++ supports -c -o file.o
configure:11517: result: yes
configure:11547: checking whether the g++ linker (/usr/bin/ld -m elf_x86_64) supports shared libraries
configure:11590: result: yes
configure:11731: checking dynamic linker characteristics
configure:12488: result: GNU/Linux ld.so
configure:12553: checking how to hardcode library paths into programs
configure:12578: result: immediate
configure:11470: checking whether build environment is sane
configure:11525: result: yes
configure:11543: checking for strlcpy
configure:11543: gcc -o conftest   -O2  conftest.c  >&5
/usr/bin/ld: /tmp/ccIIbx7b.o: in function `main':
conftest.c:(.text.startup+0xb): undefined reference to `strlcpy'
collect2: error: ld returned 1 exit status
configure:11543: $? = 1
configure: failed program was:
| /* confdefs.h */
| #define PACKAGE_NAME "LibHTP"
| #define PACKAGE_TARNAME "libhtp"
| #define PACKAGE_VERSION "0.5.42"
| #define PACKAGE_STRING "LibHTP 0.5.42"
| #define PACKAGE_BUGREPORT ""
| #define PACKAGE_URL ""
| #define PACKAGE "libhtp"
| #define VERSION "0.5.42"
| #define STDC_HEADERS 1
| #define HAVE_SYS_TYPES_H 1
| #define HAVE_SYS_STAT_H 1
| #define HAVE_STDLIB_H 1
| #define HAVE_STRING_H 1
| #define HAVE_MEMORY_H 1
| #define HAVE_STRINGS_H 1
| #define HAVE_INTTYPES_H 1
| #define HAVE_STDINT_H 1
| #define HAVE_UNISTD_H 1
| #define HAVE_DLFCN_H 1
| #define LT_OBJDIR ".libs/"
| /* end confdefs.h.  */
| /* Define strlcpy to an innocuous variant, in case <limits.h> declares strlcpy.
|    For example, HP-UX 11i <limits.h> declares gettimeofday.  */
| #define strlcpy innocuous_strlcpy
| 
| /* System header to define __stub macros and hopefully few prototypes,
|     which can conflict with char strlcpy (); below.
|     Prefer <limits.h> to <assert.h> if __STDC__ is defined, since
|     <limits.h> exists even on freestanding compilers.  */
| 
| #ifdef __STDC__
| # include <limits.h>
| #else
| # include <assert.h>
| #endif
| 
| #undef strlcpy
| 
| /* Override any GCC internal prototype to avoid an error.
|    Use char because int might match the return type of a GCC
|    builtin and then its argument prototype would still apply.  */
| #ifdef __cplusplus
| extern "C"
| #endif
| char strlcpy ();
| /* The GNU C library defines this for functions which it implements
|     to always fail with ENOSYS.  Some functions are actually named
|     something starting with __ and the normal name is an alias.  */
| #if defined __stub_strlcpy || defined __stub___strlcpy
| choke me
| #endif
| 
| int
| main ()
| {
| return strlcpy ();
|   ;
|   return 0;
| }
configure:11543: result: no
configure:11543: checking for strlcat
configure:11543: gcc -o conftest   -O2  conftest.c  >&5
/usr/bin/ld: /tmp/ccuPqflD.o: in function `main':
conftest.c:(.text.startup+0xb): undefined reference to `strlcat'
collect2: error: ld returned 1 exit status
configure:11543: $? = 1
configure: failed program was:
| /* confdefs.h */
| #define PACKAGE_NAME "LibHTP"
| #define PACKAGE_TARNAME "libhtp"
| #define PACKAGE_VERSION "0.5.42"
| #define PACKAGE_STRING "LibHTP 0.5.42"
| #define PACKAGE_BUGREPORT ""
| #define PACKAGE_URL ""
| #define PACKAGE "libhtp"
| #define VERSION "0.5.42"
| #define STDC_HEADERS 1
| #define HAVE_SYS_TYPES_H 1
| #define HAVE_SYS_STAT_H 1
| #define HAVE_STDLIB_H 1
| #define HAVE_STRING_H 1
| #define HAVE_MEMORY_H 1
| #define HAVE_STRINGS_H 1
| #define HAVE_INTTYPES_H 1
| #define HAVE_STDINT_H 1
| #define HAVE_UNISTD_H 1
| #define HAVE_DLFCN_H 1
| #define LT_OBJDIR ".libs/"
| /* end confdefs.h.  */
| /* Define strlcat to an innocuous variant, in case <limits.h> declares strlcat.
|    For example, HP-UX 11i <limits.h> declares gettimeofday.  */
| #define strlcat innocuous_strlcat
| 
| /* System header to define __stub macros and hopefully few prototypes,
|     which can conflict with char strlcat (); below.
|     Prefer <limits.h> to <assert.h> if __STDC__ is defined, since
|     <limits.h> exists even on freestanding compilers.  */
| 
| #ifdef __STDC__
| # include <limits.h>
| #else
| # include <assert.h>
| #endif
| 
| #undef strlcat
| 
| /* Override any GCC internal prototype to avoid an error.
|    Use char because int might match the return type of a GCC
|    builtin and then its argument prototype would still apply.  */
| #ifdef __cplusplus
| extern "C"
| #endif
| char strlcat ();
| /* The GNU C library defines this for functions which it implements
|     to always fail with ENOSYS.  Some functions are actually named
|     something starting with __ and the normal name is an alias.  */
| #if defined __stub_strlcat || defined __stub___strlcat
| choke me
| #endif
| 
| int
| main ()
| {
| return strlcat ();
|   ;
|   return 0;
| }
configure:11543: result: no
configure:11554: checking zlib.h usability
configure:11554: gcc -c  -O2  -O2 conftest.c >&5
configure:11554: $? = 0
configure:11554: result: yes
configure:11554: checking zlib.h presence
configure:11554: gcc -E  -O2 conftest.c
configure:11554: $? = 0
configure:11554: result: yes
configure:11554: checking for zlib.h
configure:11554: result: yes
configure:11563: checking for inflate in -lz
configure:11588: gcc -o conftest  -O2  -O2  conftest.c -lz   >&5
configure:11588: $? = 0
configure:11597: result: yes
configure:11618: checking OS
configure:11655: result: Linux
configure:11754: checking for ld used by GCC
configure:11818: result: /usr/bin/ld -m elf_x86_64
configure:11825: checking if the linker (/usr/bin/ld -m elf_x86_64) is GNU ld
configure:11838: result: yes
configure:11845: checking for shared library run path origin
configure:11858: result: done
configure:12436: checking for iconv
configure:12458: gcc -o conftest  -O2  -O2  conftest.c -lz  >&5
configure:12458: $? = 0
configure:12490: result: yes
configure:12493: checking for working iconv
configure:12588: gcc -o conftest  -O2  -O2  conftest.c -lz  >&5
configure:12588: $? = 0
configure:12588: ./conftest
configure:12588: $? = 0
configure:12600: result: yes
configure:12628: checking for iconv declaration
configure:12657: gcc -c  -O2  -O2 conftest.c >&5
configure:12657: $? = 0
configure:12668: result:
         extern size_t iconv (iconv_t cd, char * *inbuf, size_t *inbytesleft, char * *outbuf, size_t *outbytesleft);
configure:12688: checking for iconvctl
configure:12708: gcc -o conftest  -O2  -O2  conftest.c -lz   >&5
conftest.c: In function 'main':
conftest.c:33:14: warning: implicit declaration of function 'iconvctl'; did you mean 'iconv'? [-Wimplicit-function-declaration]
   33 |              iconvctl(cd, ICONV_SET_DISCARD_ILSEQ, &iconv_param);
      |              ^~~~~~~~
      |              iconv
conftest.c:33:27: error: 'ICONV_SET_DISCARD_ILSEQ' undeclared (first use in this function)
   33 |              iconvctl(cd, ICONV_SET_DISCARD_ILSEQ, &iconv_param);
      |                           ^~~~~~~~~~~~~~~~~~~~~~~
conftest.c:33:27: note: each undeclared identifier is reported only once for each function it appears in
configure:12708: $? = 1
configure: failed program was:
| /* confdefs.h */
| #define PACKAGE_NAME "LibHTP"
| #define PACKAGE_TARNAME "libhtp"
| #define PACKAGE_VERSION "0.5.42"
| #define PACKAGE_STRING "LibHTP 0.5.42"
| #define PACKAGE_BUGREPORT ""
| #define PACKAGE_URL ""
| #define PACKAGE "libhtp"
| #define VERSION "0.5.42"
| #define STDC_HEADERS 1
| #define HAVE_SYS_TYPES_H 1
| #define HAVE_SYS_STAT_H 1
| #define HAVE_STDLIB_H 1
| #define HAVE_STRING_H 1
| #define HAVE_MEMORY_H 1
| #define HAVE_STRINGS_H 1
| #define HAVE_INTTYPES_H 1
| #define HAVE_STDINT_H 1
| #define HAVE_UNISTD_H 1
| #define HAVE_DLFCN_H 1
| #define LT_OBJDIR ".libs/"
| #define HAVE_LIBZ 1
| #define HAVE_ICONV 1
| #define ICONV_CONST 
| /* end confdefs.h.  */
| #include <stdlib.h>
|              #include <iconv.h>
| int
| main ()
| {
| int iconv_param = 0;
|              iconv_t cd = iconv_open("","");
|              iconvctl(cd, ICONV_SET_DISCARD_ILSEQ, &iconv_param);
|              iconv_close(cd);
|   ;
|   return 0;
| }
configure:12713: result: 
configure:12723: checking for gcc support of -Wstrict-overflow=1
configure:12738: gcc -c  -O2 -Wstrict-overflow=1  -O2 conftest.c >&5
configure:12738: $? = 0
configure:12744: result: yes
configure:12751: checking for gcc support of stack smashing protection
configure:12766: gcc -c  -O2 -Wstrict-overflow=1 -fstack-protector  -O2 conftest.c >&5
configure:12766: $? = 0
configure:12772: result: yes
configure:12779: checking for gcc support of FORTIFY_SOURCE
configure:12794: gcc -c  -O2 -Wstrict-overflow=1 -fstack-protector -D_FORTIFY_SOURCE=2  -O2 conftest.c >&5
configure:12794: $? = 0
configure:12800: result: yes
configure:12806: checking for gcc support of -Wformat -Wformat-security
configure:12821: gcc -c  -O2 -Wstrict-overflow=1 -fstack-protector -D_FORTIFY_SOURCE=2 -Wformat -Wformat-security  -O2 conftest.c >&5
configure:12821: $? = 0
configure:12827: result: yes
configure:12833: checking for gcc support of -fPIC
configure:12848: gcc -c  -O2 -Wstrict-overflow=1 -fstack-protector -D_FORTIFY_SOURCE=2 -Wformat -Wformat-security -fPIC  -O2 conftest.c >&5
configure:12848: $? = 0
configure:12854: result: yes
configure:12877: checking for doxygen
configure:12910: result: no
configure:12925: checking for lcov
configure:12956: result: no
configure:13072: checking that generated files are newer than configure
configure:13078: result: done
configure:13100: checking that generated files are newer than configure
configure:13106: result: done
configure:13117: creating ./config.status

## ---------------------- ##
## Running config.status. ##
## ---------------------- ##

This file was extended by LibHTP config.status 0.5.42, which was
generated by GNU Autoconf 2.69.  Invocation command line was

  CONFIG_FILES    = 
  CONFIG_HEADERS  = 
  CONFIG_LINKS    = 
  CONFIG_COMMANDS = 
  $ ./config.status 

on ubuntu

config.status:1163: creating htp/htp_version.h
config.status:1163: creating Makefile
config.status:1163: creating htp.pc
config.status:1163: creating htp/Makefile
config.status:1163: creating htp/lzma/Makefile
config.status:1163: creating test/Makefile
config.status:1163: creating docs/Makefile
config.status:1163: creating htp_config_auto_gen.h
config.status:1377: executing depfiles commands
config.status:1454: cd htp       && sed -e '/# am--include-marker/d' Makefile         | make -f - am--depfiles
config.status:1459: $? = 0
config.status:1454: cd htp/lzma       && sed -e '/# am--include-marker/d' Makefile         | make -f - am--depfiles
config.status:1459: $? = 0
config.status:1454: cd test       && sed -e '/# am--include-marker/d' Makefile         | make -f - am--depfiles
config.status:1459: $? = 0
config.status:1377: executing libtool commands

## ---------------- ##
## Cache variables. ##
## ---------------- ##

ac_cv_build=x86_64-pc-linux-gnu
ac_cv_c_compiler_gnu=yes
ac_cv_cxx_compiler_gnu=yes
ac_cv_env_CCC_set=
ac_cv_env_CCC_value=
ac_cv_env_CC_set=
ac_cv_env_CC_value=
ac_cv_env_CFLAGS_set=
ac_cv_env_CFLAGS_value=
ac_cv_env_CPPFLAGS_set=
ac_cv_env_CPPFLAGS_value=
ac_cv_env_CPP_set=
ac_cv_env_CPP_value=
ac_cv_env_CXXCPP_set=
ac_cv_env_CXXCPP_value=
ac_cv_env_CXXFLAGS_set=
ac_cv_env_CXXFLAGS_value=
ac_cv_env_CXX_set=
ac_cv_env_CXX_value=
ac_cv_env_LDFLAGS_set=
ac_cv_env_LDFLAGS_value=
ac_cv_env_LIBS_set=
ac_cv_env_LIBS_value=
ac_cv_env_LT_SYS_LIBRARY_PATH_set=
ac_cv_env_LT_SYS_LIBRARY_PATH_value=
ac_cv_env_build_alias_set=
ac_cv_env_build_alias_value=
ac_cv_env_host_alias_set=
ac_cv_env_host_alias_value=
ac_cv_env_target_alias_set=
ac_cv_env_target_alias_value=
ac_cv_func_strlcat=no
ac_cv_func_strlcpy=no
ac_cv_header_dlfcn_h=yes
ac_cv_header_inttypes_h=yes
ac_cv_header_memory_h=yes
ac_cv_header_stdc=yes
ac_cv_header_stdint_h=yes
ac_cv_header_stdlib_h=yes
ac_cv_header_string_h=yes
ac_cv_header_strings_h=yes
ac_cv_header_sys_stat_h=yes
ac_cv_header_sys_types_h=yes
ac_cv_header_unistd_h=yes
ac_cv_header_zlib_h=yes
ac_cv_host=x86_64-pc-linux-gnu
ac_cv_lib_z_inflate=yes
ac_cv_objext=o
ac_cv_path_EGREP='/usr/bin/grep -E'
ac_cv_path_FGREP='/usr/bin/grep -F'
ac_cv_path_GREP=/usr/bin/grep
ac_cv_path_LCOV=no
ac_cv_path_SED=/usr/bin/sed
ac_cv_path_install='/usr/bin/install -c'
ac_cv_path_lt_DD=/usr/bin/dd
ac_cv_path_mkdir=/usr/bin/mkdir
ac_cv_prog_AWK=mawk
ac_cv_prog_CPP='gcc -E'
ac_cv_prog_CXXCPP='g++ -E'
ac_cv_prog_ac_ct_AR=ar
ac_cv_prog_ac_ct_CC=gcc
ac_cv_prog_ac_ct_CXX=g++
ac_cv_prog_ac_ct_MANIFEST_TOOL=mt
ac_cv_prog_ac_ct_OBJDUMP=objdump
ac_cv_prog_ac_ct_RANLIB=ranlib
ac_cv_prog_ac_ct_STRIP=strip
ac_cv_prog_cc_c89=
ac_cv_prog_cc_g=yes
ac_cv_prog_cxx_g=yes
ac_cv_prog_make_make_set=yes
acl_cv_path_LD='/usr/bin/ld -m elf_x86_64'
acl_cv_prog_gnu_ld=yes
acl_cv_rpath=done
am_cv_CC_dependencies_compiler_type=gcc3
am_cv_CXX_dependencies_compiler_type=gcc3
am_cv_func_iconv=yes
am_cv_func_iconv_works=yes
am_cv_lib_iconv=no
am_cv_make_support_nested_variables=yes
am_cv_prog_cc_c_o=yes
am_cv_proto_iconv='extern size_t iconv (iconv_t cd, char * *inbuf, size_t *inbytesleft, char * *outbuf, size_t *outbytesleft);'
am_cv_proto_iconv_arg1=
lt_cv_ar_at_file=@
lt_cv_archive_cmds_need_lc=no
lt_cv_deplibs_check_method=pass_all
lt_cv_file_magic_cmd='$MAGIC_CMD'
lt_cv_file_magic_test_file=
lt_cv_ld_reload_flag=-r
lt_cv_nm_interface='BSD nm'
lt_cv_objdir=.libs
lt_cv_path_LD=/usr/bin/ld
lt_cv_path_LDCXX='/usr/bin/ld -m elf_x86_64'
lt_cv_path_NM='/usr/bin/nm -B'
lt_cv_path_mainfest_tool=no
lt_cv_prog_compiler_c_o=yes
lt_cv_prog_compiler_c_o_CXX=yes
lt_cv_prog_compiler_pic='-fPIC -DPIC'
lt_cv_prog_compiler_pic_CXX='-fPIC -DPIC'
lt_cv_prog_compiler_pic_works=yes
lt_cv_prog_compiler_pic_works_CXX=yes
lt_cv_prog_compiler_rtti_exceptions=no
lt_cv_prog_compiler_static_works=yes
lt_cv_prog_compiler_static_works_CXX=yes
lt_cv_prog_gnu_ld=yes
lt_cv_prog_gnu_ldcxx=yes
lt_cv_sharedlib_from_linklib_cmd='printf %s\n'
lt_cv_shlibpath_overrides_runpath=yes
lt_cv_sys_global_symbol_pipe='sed -n -e '\''s/^.*[	 ]\([ABCDGIRSTW][ABCDGIRSTW]*\)[	 ][	 ]*\([_A-Za-z][_A-Za-z0-9]*\)$/\1 \2 \2/p'\'' | sed '\''/ __gnu_lto/d'\'''
lt_cv_sys_global_symbol_to_c_name_address='sed -n -e '\''s/^: \(.*\) .*$/  {"\1", (void *) 0},/p'\'' -e '\''s/^[ABCDGIRSTW][ABCDGIRSTW]* .* \(.*\)$/  {"\1", (void *) \&\1},/p'\'''
lt_cv_sys_global_symbol_to_c_name_address_lib_prefix='sed -n -e '\''s/^: \(.*\) .*$/  {"\1", (void *) 0},/p'\'' -e '\''s/^[ABCDGIRSTW][ABCDGIRSTW]* .* \(lib.*\)$/  {"\1", (void *) \&\1},/p'\'' -e '\''s/^[ABCDGIRSTW][ABCDGIRSTW]* .* \(.*\)$/  {"lib\1", (void *) \&\1},/p'\'''
lt_cv_sys_global_symbol_to_cdecl='sed -n -e '\''s/^T .* \(.*\)$/extern int \1();/p'\'' -e '\''s/^[ABCDGIRSTW][ABCDGIRSTW]* .* \(.*\)$/extern char \1;/p'\'''
lt_cv_sys_global_symbol_to_import=
lt_cv_sys_max_cmd_len=1572864
lt_cv_to_host_file_cmd=func_convert_file_noop
lt_cv_to_tool_file_cmd=func_convert_file_noop
lt_cv_truncate_bin='/usr/bin/dd bs=4096 count=1'

## ----------------- ##
## Output variables. ##
## ----------------- ##

ACLOCAL='${SHELL} /home/cuidong/Desktop/project/suricata-6.0.10/libhtp/missing aclocal-1.16'
AMDEPBACKSLASH='\'
AMDEP_FALSE='#'
AMDEP_TRUE=''
AMTAR='$${TAR-tar}'
AM_BACKSLASH='\'
AM_DEFAULT_V='$(AM_DEFAULT_VERBOSITY)'
AM_DEFAULT_VERBOSITY='1'
AM_V='$(V)'
AR='ar'
AUTOCONF='${SHELL} /home/cuidong/Desktop/project/suricata-6.0.10/libhtp/missing autoconf'
AUTOHEADER='${SHELL} /home/cuidong/Desktop/project/suricata-6.0.10/libhtp/missing autoheader'
AUTOMAKE='${SHELL} /home/cuidong/Desktop/project/suricata-6.0.10/libhtp/missing automake-1.16'
AWK='mawk'
CC='gcc'
CCDEPMODE='depmode=gcc3'
CFLAGS=' -O2 -Wstrict-overflow=1 -fstack-protector -D_FORTIFY_SOURCE=2 -Wformat -Wformat-security -fPIC'
CPP='gcc -E'
CPPFLAGS=' -O2'
CXX='g++'
CXXCPP='g++ -E'
CXXDEPMODE='depmode=gcc3'
CXXFLAGS='-g -O2'
CYGPATH_W='echo'
CYGWIN_FALSE=''
CYGWIN_TRUE='#'
DEFS='-DHAVE_CONFIG_H'
DEPDIR='.deps'
DLLTOOL='false'
DOXYGEN=''
DSYMUTIL=''
DUMPBIN=''
ECHO_C=''
ECHO_N='-n'
ECHO_T=''
EGREP='/usr/bin/grep -E'
EXEEXT=''
FGREP='/usr/bin/grep -F'
GENERIC_LIBRARY_NAME='htp'
GENERIC_LIBRARY_VERSION='2:0:0'
GENERIC_RELEASE='0.5.42'
GENERIC_VERSION='0.5.42'
GREP='/usr/bin/grep'
INSTALL_DATA='${INSTALL} -m 644'
INSTALL_PROGRAM='${INSTALL}'
INSTALL_SCRIPT='${INSTALL}'
INSTALL_STRIP_PROGRAM='$(install_sh) -c -s'
LCOV='no'
LD='/usr/bin/ld -m elf_x86_64'
LDFLAGS=''
LIBICONV=''
LIBOBJS=''
LIBS='-lz '
LIBTOOL='$(SHELL) $(top_builddir)/libtool'
LIPO=''
LN_S='ln -s'
LTLIBICONV=''
LTLIBOBJS=''
LT_SYS_LIBRARY_PATH=''
MAKEINFO='${SHELL} /home/cuidong/Desktop/project/suricata-6.0.10/libhtp/missing makeinfo'
MANIFEST_TOOL=':'
MKDIR_P='/usr/bin/mkdir -p'
NM='/usr/bin/nm -B'
NMEDIT=''
OBJDUMP='objdump'
OBJEXT='o'
OTOOL64=''
OTOOL=''
PACKAGE='htp'
PACKAGE_BUGREPORT=''
PACKAGE_NAME='LibHTP'
PACKAGE_STRING='LibHTP 0.5.42'
PACKAGE_TARNAME='libhtp'
PACKAGE_URL=''
PACKAGE_VERSION='0.5.42'
PATH_SEPARATOR=':'
RANLIB='ranlib'
SED='/usr/bin/sed'
SET_MAKE=''
SHELL='/bin/bash'
STRIP='strip'
VERSION='0.5.42'
ac_ct_AR='ar'
ac_ct_CC='gcc'
ac_ct_CXX='g++'
ac_ct_DUMPBIN=''
am__EXEEXT_FALSE=''
am__EXEEXT_TRUE='#'
am__fastdepCC_FALSE='#'
am__fastdepCC_TRUE=''
am__fastdepCXX_FALSE='#'
am__fastdepCXX_TRUE=''
am__include='include'
am__isrc=' -I$(srcdir)'
am__leading_dot='.'
am__nodep='_no'
am__quote=''
am__tar='$${TAR-tar} chof - "$$tardir"'
am__untar='$${TAR-tar} xf -'
bindir='${exec_prefix}/bin'
build='x86_64-pc-linux-gnu'
build_alias=''
build_cpu='x86_64'
build_os='linux-gnu'
build_vendor='pc'
datadir='${datarootdir}'
datarootdir='${prefix}/share'
docdir='${datarootdir}/doc/${PACKAGE_TARNAME}'
doxygen=''
dvidir='${docdir}'
exec_prefix='${prefix}'
host='x86_64-pc-linux-gnu'
host_alias=''
host_cpu='x86_64'
host_os='linux-gnu'
host_vendor='pc'
htmldir='${docdir}'
includedir='${prefix}/include'
infodir='${datarootdir}/info'
install_sh='${SHELL} /home/cuidong/Desktop/project/suricata-6.0.10/libhtp/install-sh'
libdir='${exec_prefix}/lib'
libexecdir='${exec_prefix}/libexec'
localedir='${datarootdir}/locale'
localstatedir='${prefix}/var'
mandir='${datarootdir}/man'
mkdir_p='$(MKDIR_P)'
oldincludedir='/usr/include'
pdfdir='${docdir}'
prefix='/usr/local'
program_transform_name='s,x,x,'
psdir='${docdir}'
runstatedir='${localstatedir}/run'
sbindir='${exec_prefix}/sbin'
sharedstatedir='${prefix}/com'
sysconfdir='${prefix}/etc'
target_alias=''

## ----------- ##
## confdefs.h. ##
## ----------- ##

/* confdefs.h */
#define PACKAGE_NAME "LibHTP"
#define PACKAGE_TARNAME "libhtp"
#define PACKAGE_VERSION "0.5.42"
#define PACKAGE_STRING "LibHTP 0.5.42"
#define PACKAGE_BUGREPORT ""
#define PACKAGE_URL ""
#define PACKAGE "libhtp"
#define VERSION "0.5.42"
#define STDC_HEADERS 1
#define HAVE_SYS_TYPES_H 1
#define HAVE_SYS_STAT_H 1
#define HAVE_STDLIB_H 1
#define HAVE_STRING_H 1
#define HAVE_MEMORY_H 1
#define HAVE_STRINGS_H 1
#define HAVE_INTTYPES_H 1
#define HAVE_STDINT_H 1
#define HAVE_UNISTD_H 1
#define HAVE_DLFCN_H 1
#define LT_OBJDIR ".libs/"
#define HAVE_LIBZ 1
#define HAVE_ICONV 1
#define ICONV_CONST 

configure: exit 0
